<?xml version="1.0" encoding="UTF-8"?>
<testng-results ignored="0" total="1" passed="1" failed="0" skipped="0">
  <reporter-output>
  </reporter-output>
  <suite started-at="2025-10-28T10:43:41 IST" name="TataCliq Automation Suite" finished-at="2025-10-28T10:47:57 IST" duration-ms="255211">
    <groups>
    </groups>
    <test started-at="2025-10-28T10:43:41 IST" name="TataCliq Tests" finished-at="2025-10-28T10:47:57 IST" duration-ms="255211">
      <class name="com.automation.testcases.TataCliqTestCases">
        <test-method is-config="true" signature="setupreport()[pri:0, instance:com.automation.testcases.TataCliqTestCases@41a2befb]" started-at="2025-10-28T10:43:41 IST" name="setupreport" finished-at="2025-10-28T10:43:41 IST" duration-ms="326" status="PASS">
          <reporter-output>
          </reporter-output>
        </test-method> <!-- setupreport -->
        <test-method is-config="true" signature="setUp()[pri:0, instance:com.automation.testcases.TataCliqTestCases@41a2befb]" started-at="2025-10-28T10:43:41 IST" name="setUp" finished-at="2025-10-28T10:44:07 IST" duration-ms="25581" status="PASS">
          <reporter-output>
          </reporter-output>
        </test-method> <!-- setUp -->
        <test-method signature="executeExcelTests()[pri:0, instance:com.automation.testcases.TataCliqTestCases@41a2befb]" started-at="2025-10-28T10:44:07 IST" name="executeExcelTests" finished-at="2025-10-28T10:47:47 IST" duration-ms="219991" status="PASS">
          <reporter-output>
          </reporter-output>
        </test-method> <!-- executeExcelTests -->
        <test-method is-config="true" signature="tearDown()[pri:0, instance:com.automation.testcases.TataCliqTestCases@41a2befb]" started-at="2025-10-28T10:47:47 IST" name="tearDown" finished-at="2025-10-28T10:47:57 IST" duration-ms="9584" status="PASS">
          <reporter-output>
          </reporter-output>
        </test-method> <!-- tearDown -->
        <test-method is-config="true" signature="flushreport()[pri:0, instance:com.automation.testcases.TataCliqTestCases@41a2befb]" started-at="2025-10-28T10:47:57 IST" name="flushreport" finished-at="2025-10-28T10:47:57 IST" duration-ms="327" status="PASS">
          <reporter-output>
          </reporter-output>
        </test-method> <!-- flushreport -->
      </class> <!-- com.automation.testcases.TataCliqTestCases -->
    </test> <!-- TataCliq Tests -->
  </suite> <!-- TataCliq Automation Suite -->
</testng-results>
