<?xml version="1.0" encoding="UTF-8"?>
<testng-results ignored="0" total="1" passed="1" failed="0" skipped="0">
  <reporter-output>
  </reporter-output>
  <suite started-at="2025-10-27T21:55:36 IST" name="TataCliq Automation Suite" finished-at="2025-10-27T21:57:41 IST" duration-ms="125505">
    <groups>
    </groups>
    <test started-at="2025-10-27T21:55:36 IST" name="TataCliq Tests" finished-at="2025-10-27T21:57:41 IST" duration-ms="125505">
      <class name="com.automation.testcases.TataCliqTestCases">
        <test-method is-config="true" signature="setupreport()[pri:0, instance:com.automation.testcases.TataCliqTestCases@12468a38]" started-at="2025-10-27T21:55:35 IST" name="setupreport" finished-at="2025-10-27T21:55:36 IST" duration-ms="667" status="PASS">
          <reporter-output>
          </reporter-output>
        </test-method> <!-- setupreport -->
        <test-method is-config="true" signature="setUp()[pri:0, instance:com.automation.testcases.TataCliqTestCases@12468a38]" started-at="2025-10-27T21:55:36 IST" name="setUp" finished-at="2025-10-27T21:56:28 IST" duration-ms="51977" status="PASS">
          <reporter-output>
          </reporter-output>
        </test-method> <!-- setUp -->
        <test-method signature="executeExcelTests()[pri:0, instance:com.automation.testcases.TataCliqTestCases@12468a38]" started-at="2025-10-27T21:56:28 IST" name="executeExcelTests" finished-at="2025-10-27T21:57:30 IST" duration-ms="62444" status="PASS">
          <reporter-output>
          </reporter-output>
        </test-method> <!-- executeExcelTests -->
        <test-method is-config="true" signature="tearDown()[pri:0, instance:com.automation.testcases.TataCliqTestCases@12468a38]" started-at="2025-10-27T21:57:30 IST" name="tearDown" finished-at="2025-10-27T21:57:41 IST" duration-ms="10970" status="PASS">
          <reporter-output>
          </reporter-output>
        </test-method> <!-- tearDown -->
        <test-method is-config="true" signature="flushreport()[pri:0, instance:com.automation.testcases.TataCliqTestCases@12468a38]" started-at="2025-10-27T21:57:41 IST" name="flushreport" finished-at="2025-10-27T21:57:42 IST" duration-ms="898" status="PASS">
          <reporter-output>
          </reporter-output>
        </test-method> <!-- flushreport -->
      </class> <!-- com.automation.testcases.TataCliqTestCases -->
    </test> <!-- TataCliq Tests -->
  </suite> <!-- TataCliq Automation Suite -->
</testng-results>
